<?xml version="1.0" encoding="UTF-8"?>
<!-- Generated by org.testng.reporters.JUnitReportReporter -->
<testsuite hostname="DESKTOP-5QR60D9" failures="0" tests="9" name="bigprojectsekolahqa.TSBoardTest" time="83.135" errors="0" timestamp="2021-08-25T13:50:30 WIB" skipped="0">
  <testcase classname="bigprojectsekolahqa.TSBoardTest" name="tC07movingcard" time="4.790"/>
  <system-out/>
  <testcase classname="bigprojectsekolahqa.TSBoardTest" name="tC02setlistascomplete" time="8.475"/>
  <system-out/>
  <testcase classname="bigprojectsekolahqa.TSBoardTest" name="tC06addattachmenttocard" time="5.078"/>
  <system-out/>
  <testcase classname="bigprojectsekolahqa.TSBoardTest" name="tC03unsetlistascomplete" time="7.780"/>
  <system-out/>
  <testcase classname="bigprojectsekolahqa.TSBoardTest" name="tC04reatecardonthelist" time="5.954"/>
  <system-out/>
  <testcase classname="bigprojectsekolahqa.TSBoardTest" name="tC09createnewprivatecard" time="6.632"/>
  <system-out/>
  <testcase classname="bigprojectsekolahqa.TSBoardTest" name="tC08addmemberoncard" time="5.342"/>
  <system-out/>
  <testcase classname="bigprojectsekolahqa.TSBoardTest" name="tC05addcardnote" time="5.321"/>
  <system-out/>
  <testcase classname="bigprojectsekolahqa.TSBoardTest" name="tC01createlist" time="33.763"/>
  <system-out/>
</testsuite> <!-- bigprojectsekolahqa.TSBoardTest -->
