<?xml version="1.0" encoding="UTF-8"?>
<!-- Generated by org.testng.reporters.JUnitReportReporter -->
<testsuite hostname="DESKTOP-5QR60D9" failures="0" tests="6" name="bigprojectsekolahqa.TSScheduleTest" time="92.378" errors="0" timestamp="2021-08-25T13:50:30 WIB" skipped="0">
  <testcase classname="bigprojectsekolahqa.TSScheduleTest" name="tC19addeventtogooglecalendar" time="15.612"/>
  <system-out/>
  <testcase classname="bigprojectsekolahqa.TSScheduleTest" name="tC14createnewevent" time="35.432"/>
  <system-out/>
  <testcase classname="bigprojectsekolahqa.TSScheduleTest" name="tC17createnewprivateevent" time="12.028"/>
  <system-out/>
  <testcase classname="bigprojectsekolahqa.TSScheduleTest" name="tC16addnotesonevent" time="6.398"/>
  <system-out/>
  <testcase classname="bigprojectsekolahqa.TSScheduleTest" name="tC15addmemberonevent" time="6.711"/>
  <system-out/>
  <testcase classname="bigprojectsekolahqa.TSScheduleTest" name="tC18editcreatedevent" time="16.197"/>
  <system-out/>
</testsuite> <!-- bigprojectsekolahqa.TSScheduleTest -->
