<?xml version="1.0" encoding="UTF-8"?>
<!-- Generated by org.testng.reporters.JUnitReportReporter -->
<testsuite hostname="DESKTOP-5QR60D9" failures="0" tests="4" name="bigprojectsekolahqa.TSGroupChatTest" time="24.651" errors="0" timestamp="2021-08-25T13:50:30 WIB" skipped="0">
  <testcase classname="bigprojectsekolahqa.TSGroupChatTest" name="tC13deletesentmessage" time="5.063"/>
  <system-out/>
  <testcase classname="bigprojectsekolahqa.TSGroupChatTest" name="tC11sendattachmentgroupchat" time="4.773"/>
  <system-out/>
  <testcase classname="bigprojectsekolahqa.TSGroupChatTest" name="tC12mentionmemberonchat" time="6.831"/>
  <system-out/>
  <testcase classname="bigprojectsekolahqa.TSGroupChatTest" name="tC10sendchattogoupchat" time="7.984"/>
  <system-out/>
</testsuite> <!-- bigprojectsekolahqa.TSGroupChatTest -->
